Starting cleanup... 
SUCCESS: The process "node.exe" with PID 23604 has been terminated.
SUCCESS: The process "node.exe" with PID 23612 has been terminated.
SUCCESS: The process "node.exe" with PID 23620 has been terminated.
SUCCESS: The process "node.exe" with PID 23628 has been terminated.
SUCCESS: The process "node.exe" with PID 23636 has been terminated.
SUCCESS: The process "node.exe" with PID 26452 has been terminated.
SUCCESS: The process "node.exe" with PID 25472 has been terminated.
SUCCESS: The process "node.exe" with PID 26612 has been terminated.
SUCCESS: The process "node.exe" with PID 26644 has been terminated.
SUCCESS: The process "node.exe" with PID 26848 has been terminated.
SUCCESS: The process "node.exe" with PID 17976 has been terminated.
SUCCESS: The process "node.exe" with PID 30440 has been terminated.
SUCCESS: The process "node.exe" with PID 12680 has been terminated.
SUCCESS: The process "node.exe" with PID 30484 has been terminated.
SUCCESS: The process "node.exe" with PID 2832 has been terminated.
SUCCESS: The process "node.exe" with PID 15180 has been terminated.
SUCCESS: The process "node.exe" with PID 34580 has been terminated.
SUCCESS: The process "node.exe" with PID 38824 has been terminated.
SUCCESS: The process "node.exe" with PID 8180 has been terminated.
SUCCESS: The process "node.exe" with PID 37972 has been terminated.
SUCCESS: The process "node.exe" with PID 32032 has been terminated.
SUCCESS: The process "node.exe" with PID 17432 has been terminated.
SUCCESS: The process "node.exe" with PID 34324 has been terminated.
SUCCESS: The process "node.exe" with PID 34532 has been terminated.
SUCCESS: The process "node.exe" with PID 7608 has been terminated.
SUCCESS: The process "node.exe" with PID 39088 has been terminated.
SUCCESS: The process "node.exe" with PID 25752 has been terminated.
SUCCESS: The process "node.exe" with PID 32268 has been terminated.
SUCCESS: The process "node.exe" with PID 14916 has been terminated.
SUCCESS: The process "node.exe" with PID 39324 has been terminated.
SUCCESS: The process "node.exe" with PID 8072 has been terminated.
SUCCESS: The process "node.exe" with PID 28820 has been terminated.
SUCCESS: The process "node.exe" with PID 36580 has been terminated.
SUCCESS: The process "node.exe" with PID 34856 has been terminated.
SUCCESS: The process "node.exe" with PID 33816 has been terminated.
SUCCESS: The process "node.exe" with PID 31120 has been terminated.
SUCCESS: The process "node.exe" with PID 33312 has been terminated.
SUCCESS: The process "node.exe" with PID 7188 has been terminated.
SUCCESS: The process "node.exe" with PID 33712 has been terminated.
SUCCESS: The process "node.exe" with PID 32964 has been terminated.
SUCCESS: The process "node.exe" with PID 12940 has been terminated.
SUCCESS: The process "node.exe" with PID 25700 has been terminated.
SUCCESS: The process "node.exe" with PID 30356 has been terminated.
SUCCESS: The process "node.exe" with PID 35580 has been terminated.
SUCCESS: The process "node.exe" with PID 34020 has been terminated.
SUCCESS: The process "node.exe" with PID 7732 has been terminated.
SUCCESS: The process "node.exe" with PID 37392 has been terminated.
SUCCESS: The process "node.exe" with PID 27660 has been terminated.
SUCCESS: The process "node.exe" with PID 17748 has been terminated.
SUCCESS: The process "node.exe" with PID 27456 has been terminated.
SUCCESS: The process "node.exe" with PID 21888 has been terminated.
SUCCESS: The process "node.exe" with PID 33040 has been terminated.
SUCCESS: The process "node.exe" with PID 38720 has been terminated.
SUCCESS: The process "node.exe" with PID 46740 has been terminated.
SUCCESS: The process "node.exe" with PID 40596 has been terminated.
SUCCESS: The process "node.exe" with PID 43436 has been terminated.
SUCCESS: The process "node.exe" with PID 45928 has been terminated.
SUCCESS: The process "node.exe" with PID 45376 has been terminated.
SUCCESS: The process "node.exe" with PID 42352 has been terminated.
SUCCESS: The process "node.exe" with PID 47996 has been terminated.
Starting Supabase... 
npm warn exec The following package was not found and will be installed: supabase@2.67.3
failed to inspect service: request returned 500 Internal Server Error for API route and version http://%2F%2F.%2Fpipe%2FdockerDesktopLinuxEngine/v1.51/containers/supabase_db_carsales/json, check if the server supports the requested API version
Try rerunning the command with --debug to troubleshoot the error.
